INFO     root:BasePages.py:22 访问网站:http://36.134.46.91:7070/dashboard
INFO     root:BasePages.py:41 点击关闭首页弹窗
INFO     root:BasePages.py:41 点击项目中心
INFO     root:BasePages.py:41 点击项目管理
INFO     root:BasePages.py:41 点击新增项目按钮
INFO     root:BasePages.py:58 在输入项目名称内,输入数据: 云平台项目
INFO     root:BasePages.py:58 在输入项目编码内,输入数据: 00100
INFO     root:BasePages.py:41 点击打开地图
INFO     root:BasePages.py:41 点击地图位置
INFO     root:BasePages.py:41 点击确定按钮
INFO     root:BasePages.py:58 在负责人输入框内,输入数据: 张三
INFO     root:BasePages.py:58 在电话输入框内,输入数据: 15533065391
INFO     root:BasePages.py:41 点击下一步按钮
INFO     root:BasePages.py:58 在网关别名输入框内,输入数据: 张三
INFO     root:BasePages.py:58 在网关SN输入框内,输入数据: 7694057896101894
INFO     root:BasePages.py:41 点击请选择网关类型
INFO     root:BasePages.py:41 点击选择YC-5300N
INFO     root:BasePages.py:41 点击添加网口按钮
INFO     root:BasePages.py:41 点击请选择
INFO     root:BasePages.py:41 点击协议
INFO     root:BasePages.py:58 在设备IP输入框内,输入数据: 192.168.30.152
INFO     root:BasePages.py:41 点击下一步按钮
INFO     root:BasePages.py:41 点击下一步按钮
ERROR    root:BasePages.py:44 进行选择模板操作时,元素未找到
INFO     root:BasePages.py:22 访问网站:http://36.134.46.91:7070/dashboard
INFO     root:BasePages.py:41 点击关闭首页弹窗
INFO     root:BasePages.py:41 点击项目中心
INFO     root:BasePages.py:41 点击网关管理
INFO     root:BasePages.py:41 点击新增网关按钮
INFO     root:BasePages.py:41 点击项目名称
INFO     root:BasePages.py:58 在输入项目名称内,输入数据: 云平台项目
INFO     root:BasePages.py:41 点击查询按钮
ERROR    root:BasePages.py:44 进行勾选项目操作时,元素未找到
INFO     root:BasePages.py:22 访问网站:http://36.134.46.91:7070/dashboard
INFO     root:BasePages.py:41 点击关闭首页弹窗
INFO     root:BasePages.py:41 点击项目中心
INFO     root:BasePages.py:41 点击网关管理
INFO     root:BasePages.py:41 点击勾选网关
INFO     root:BasePages.py:41 点击删除按钮
INFO     root:BasePages.py:41 点击确认删除按钮
INFO     root:BasePages.py:22 访问网站:http://36.134.46.91:7070/dashboard
INFO     root:BasePages.py:41 点击关闭首页弹窗
INFO     root:BasePages.py:41 点击项目中心
INFO     root:BasePages.py:41 点击设备管理
INFO     root:BasePages.py:22 访问网站:http://36.134.46.91:7070/dashboard
INFO     root:BasePages.py:41 点击关闭首页弹窗
INFO     root:BasePages.py:41 点击项目中心
INFO     root:BasePages.py:41 点击设备管理
INFO     root:BasePages.py:41 点击新增设备按钮
INFO     root:BasePages.py:41 点击选择项目名称
INFO     root:BasePages.py:58 在项目名称输入框内,输入数据: 云平台项目
ERROR    root:BasePages.py:44 进行项目操作时,元素未找到
INFO     root:BasePages.py:22 访问网站:http://36.134.46.91:7070/dashboard
INFO     root:BasePages.py:41 点击关闭首页弹窗
INFO     root:BasePages.py:41 点击项目中心
INFO     root:BasePages.py:41 点击点表管理
INFO     root:BasePages.py:41 点击新增点表按钮
INFO     root:BasePages.py:41 点击选择协议
INFO     root:BasePages.py:41 点击选择Modbus TCP协议
INFO     root:BasePages.py:58 在设备IP输入框内,输入数据: 198.120.1.1
INFO     root:BasePages.py:41 点击下一步按钮
INFO     root:BasePages.py:41 点击添加点表按钮
INFO     root:BasePages.py:58 在输入地址框内,输入数据: 1
INFO     root:BasePages.py:58 在点位名称内,输入数据: 测试点位1
INFO     root:BasePages.py:41 点击确定按钮
INFO     root:BasePages.py:41 点击保存按钮
INFO     root:BasePages.py:22 访问网站:http://36.134.46.91:7070/dashboard
INFO     root:BasePages.py:41 点击关闭首页弹窗
INFO     root:BasePages.py:41 点击项目中心
INFO     root:BasePages.py:41 点击项目管理
INFO     root:BasePages.py:41 点击项目名称
INFO     root:BasePages.py:58 在输入项目名称内,输入数据: 云平台项目
INFO     root:BasePages.py:41 点击查询按钮
ERROR    root:BasePages.py:44 进行编辑按钮操作时,元素未找到
ERROR    root:BasePages.py:25 访问网站：http://36.134.46.91:7070/dashboard时，访问超时
